Arguments: 
  C:\Program Files\nodejs\node.exe C:\Users\augus\AppData\Roaming\npm\node_modules\yarn\bin\yarn.js electron-dev

PATH: 
  C:\Python39\Scripts\;C:\Python39\;C:\WINDOWS\system32;C:\WINDOWS;C:\WINDOWS\System32\Wbem;C:\WINDOWS\System32\WindowsPowerShell\v1.0\;C:\WINDOWS\System32\OpenSSH\;C:\ProgramData\chocolatey\bin;C:\Program Files\dotnet\;C:\Program Files\Microsoft SQL Server\130\Tools\Binn\;C:\Program Files\Git\cmd;C:\Program Files\Microsoft SQL Server\Client SDK\ODBC\170\Tools\Binn\;C:\Program Files (x86)\IncrediBuild;C:\adb;C:\Program Files\nodejs\;C:\Program Files\FFmpeg\bin;C:\Program Files (x86)\NoteBook FanControl\;C:\Users\augus\AppData\Local\Microsoft\WindowsApps;C:\Users\augus\AppData\Local\Programs\Microsoft VS Code\bin;C:\Users\augus\.dotnet\tools;C:\Users\augus\AppData\Roaming\npm

Yarn version: 
  1.22.11

Node version: 
  16.6.1

Platform: 
  win32 x64

Trace: 
  SyntaxError: E:\testes\YTDownloader\package.json: Unexpected token } in JSON at position 968
      at JSON.parse (<anonymous>)
      at C:\Users\augus\AppData\Roaming\npm\node_modules\yarn\lib\cli.js:1625:59
      at Generator.next (<anonymous>)
      at step (C:\Users\augus\AppData\Roaming\npm\node_modules\yarn\lib\cli.js:310:30)
      at C:\Users\augus\AppData\Roaming\npm\node_modules\yarn\lib\cli.js:321:13

npm manifest: 
  {
    "name": "drkryz-ytdownloader",
    "version": "1.3.0",
    "description": "Application that downloads audio and video from youtube with ffmpeg and ytdl-core made with electron, with a simple and beautiful interface.",
    "private": true,
    "main": "public/electron.js",
    "build": {
      "appId": "com.drkryz.ytdownloader",
      "productName": "Drkryz - YTDownloader",
      "copyright": "Copyright © 2021 ${author}",
      "win": {
        "icon": "./public/assets/app-logo.png",
        "target": "msi",
        "publisherName": "Drkryz"
      }
    },
    "scripts": {
      "start": "react-scripts start",
      "build": "react-scripts build",
      "app-build": "npm run build && npm run electron-pack",
      "electron-dev": "concurrently \"cross-env BROWSER=none yarn start\" \"wait-on http://localhost:3000 && electron .\"",
      "electron-start": "electron .",
      "electron-pack": "electron-packager ./build --no-prune --ignore=/node_modules --ignore=/e2e --overwrite --ignore=/src",
    },
    "repository": {
      "type": "git",
      "url": "git+https://github.com/drpidman/youtube-video-downloader.git"
    },
    "keywords": [],
    "author": "DRK - Drkryz",
    "license": "MIT",
    "bugs": {
      "url": "https://github.com/drpidman/youtube-video-downloader/issues"
    },
    "homepage": "./",
    "devDependencies": {
      "concurrently": "^6.2.1",
      "cross-env": "^7.0.3",
      "electron": "^13.2.1",
      "electron-builder": "^22.9.1",
      "electron-packager": "^15.3.0",
      "wait-on": "^6.0.0"
    },
    "dependencies": {
      "@craco/craco": "^5.9.0",
      "@ffmpeg-installer/ffmpeg": "^1.1.0",
      "css-loader": "^1.0.0",
      "electron-is-dev": "^2.0.0",
      "ffmpeg": "^0.0.4",
      "fluent-ffmpeg": "^2.1.2",
      "module-alias": "^2.2.2",
      "quick.db": "^7.1.3",
      "react": "^17.0.2",
      "react-dom": "^17.0.2",
      "react-scripts": "^1.1.5",
      "sequelize": "^6.6.5",
      "sqlite3": "^4.2.0",
      "styled-components": "^5.3.0",
      "ytdl": "^1.4.1",
      "ytdl-core": "^4.9.1"
    }
  }

yarn manifest: 
  No manifest

Lockfile: 
  No lockfile
